<?xml version="1.0" encoding="UTF-8" ?>
<testsuite failures="0" time="2.179" errors="0" skipped="0" tests="1" name="org.pathplus.algorithms.implementations.CurrentAlgorithmTest">
  <properties>
    <property name="java.runtime.name" value="Java(TM) SE Runtime Environment"/>
    <property name="sun.boot.library.path" value="/etc/java/jdk1.6.0_31/jre/lib/amd64"/>
    <property name="java.vm.version" value="20.6-b01"/>
    <property name="java.vm.vendor" value="Sun Microsystems Inc."/>
    <property name="java.vendor.url" value="http://java.sun.com/"/>
    <property name="path.separator" value=":"/>
    <property name="java.vm.name" value="Java HotSpot(TM) 64-Bit Server VM"/>
    <property name="file.encoding.pkg" value="sun.io"/>
    <property name="user.country" value="AU"/>
    <property name="sun.java.launcher" value="SUN_STANDARD"/>
    <property name="sun.os.patch.level" value="unknown"/>
    <property name="java.vm.specification.name" value="Java Virtual Machine Specification"/>
    <property name="user.dir" value="/levi/PathPlus/pathplus"/>
    <property name="java.runtime.version" value="1.6.0_31-b04"/>
    <property name="java.awt.graphicsenv" value="sun.awt.X11GraphicsEnvironment"/>
    <property name="basedir" value="/levi/PathPlus/pathplus"/>
    <property name="java.endorsed.dirs" value="/etc/java/jdk1.6.0_31/jre/lib/endorsed"/>
    <property name="os.arch" value="amd64"/>
    <property name="surefire.real.class.path" value="/levi/PathPlus/pathplus/build/surefire/surefirebooter4993020778345708060.jar"/>
    <property name="java.io.tmpdir" value="/tmp"/>
    <property name="line.separator" value="
"/>
    <property name="java.vm.specification.vendor" value="Sun Microsystems Inc."/>
    <property name="os.name" value="Linux"/>
    <property name="sun.jnu.encoding" value="UTF-8"/>
    <property name="java.library.path" value="/etc/java/jdk1.6.0_31/jre/lib/amd64/server:/etc/java/jdk1.6.0_31/jre/lib/amd64:/etc/java/jdk1.6.0_31/jre/../lib/amd64:/usr/java/packages/lib/amd64:/usr/lib64:/lib64:/lib:/usr/lib"/>
    <property name="surefire.test.class.path" value="/levi/PathPlus/pathplus/build/test-classes:/levi/PathPlus/pathplus/build/classes:/home/levi/.m2/repository/junit/junit/4.10/junit-4.10.jar:/home/levi/.m2/repository/org/hamcrest/hamcrest-core/1.1/hamcrest-core-1.1.jar:/home/levi/.m2/repository/com/google/guava/guava/11.0.2/guava-11.0.2.jar:/home/levi/.m2/repository/com/google/code/findbugs/jsr305/1.3.9/jsr305-1.3.9.jar:"/>
    <property name="java.specification.name" value="Java Platform API Specification"/>
    <property name="java.class.version" value="50.0"/>
    <property name="sun.management.compiler" value="HotSpot 64-Bit Tiered Compilers"/>
    <property name="os.version" value="3.0.0-16-generic"/>
    <property name="user.home" value="/home/levi"/>
    <property name="user.timezone" value=""/>
    <property name="java.awt.printerjob" value="sun.print.PSPrinterJob"/>
    <property name="file.encoding" value="UTF-8"/>
    <property name="java.specification.version" value="1.6"/>
    <property name="user.name" value="levi"/>
    <property name="java.class.path" value="/levi/PathPlus/pathplus/build/test-classes:/levi/PathPlus/pathplus/build/classes:/home/levi/.m2/repository/junit/junit/4.10/junit-4.10.jar:/home/levi/.m2/repository/org/hamcrest/hamcrest-core/1.1/hamcrest-core-1.1.jar:/home/levi/.m2/repository/com/google/guava/guava/11.0.2/guava-11.0.2.jar:/home/levi/.m2/repository/com/google/code/findbugs/jsr305/1.3.9/jsr305-1.3.9.jar:"/>
    <property name="java.vm.specification.version" value="1.0"/>
    <property name="sun.arch.data.model" value="64"/>
    <property name="java.home" value="/etc/java/jdk1.6.0_31/jre"/>
    <property name="sun.java.command" value="/levi/PathPlus/pathplus/build/surefire/surefirebooter4993020778345708060.jar /levi/PathPlus/pathplus/build/surefire/surefire4397821652515077724tmp /levi/PathPlus/pathplus/build/surefire/surefire3517075944983000150tmp"/>
    <property name="java.specification.vendor" value="Sun Microsystems Inc."/>
    <property name="user.language" value="en"/>
    <property name="java.vm.info" value="mixed mode"/>
    <property name="java.version" value="1.6.0_31"/>
    <property name="java.ext.dirs" value="/etc/java/jdk1.6.0_31/jre/lib/ext:/usr/java/packages/lib/ext"/>
    <property name="sun.boot.class.path" value="/etc/java/jdk1.6.0_31/jre/lib/resources.jar:/etc/java/jdk1.6.0_31/jre/lib/rt.jar:/etc/java/jdk1.6.0_31/jre/lib/sunrsasign.jar:/etc/java/jdk1.6.0_31/jre/lib/jsse.jar:/etc/java/jdk1.6.0_31/jre/lib/jce.jar:/etc/java/jdk1.6.0_31/jre/lib/charsets.jar:/etc/java/jdk1.6.0_31/jre/lib/modules/jdk.boot.jar:/etc/java/jdk1.6.0_31/jre/classes"/>
    <property name="java.vendor" value="Sun Microsystems Inc."/>
    <property name="localRepository" value="/home/levi/.m2/repository"/>
    <property name="file.separator" value="/"/>
    <property name="java.vendor.url.bug" value="http://java.sun.com/cgi-bin/bugreport.cgi"/>
    <property name="sun.cpu.endian" value="little"/>
    <property name="sun.io.unicode.encoding" value="UnicodeLittle"/>
    <property name="sun.desktop" value="gnome"/>
    <property name="sun.cpu.isalist" value=""/>
  </properties>
  <testcase time="2.106" classname="org.pathplus.algorithms.implementations.CurrentAlgorithmTest" name="doSearch"/>
</testsuite>